************* Module inventory_notifier
C:  1: Missing docstring
F: 17: Unable to import 'configparser'
F: 27: Unable to import 'tidylib'
F: 28: Unable to import 'pypremailer'
E: 30: No name 'MIMEText' in module 'email'
F: 30: Unable to import 'email.MIMEText'
F: 32: Unable to import 'func.overlord'
F: 33: Unable to import 'func.minion'
F: 34: Unable to import 'func.minion.sub_process'
R: 47:FuncInventoryNotifier.log: Method could be a function
C: 80:FuncInventoryNotifier.mail: Invalid name "_s" (should match [a-z_][a-z0-9_]{2,30}$)
C: 82:FuncInventoryNotifier.mail: Invalid name "_f" (should match [a-z_][a-z0-9_]{2,30}$)
C:116:FuncInventoryNotifier.run: Invalid name "kw" (should match [a-z_][a-z0-9_]{2,30}$)
W:118:FuncInventoryNotifier.run: Used * or ** magic
W:120:FuncInventoryNotifier.run: Unused variable 'errors'
C:169:FuncInventoryNotifierConfig.__init__: Invalid name "v" (should match [a-z_][a-z0-9_]{2,30}$)
W: 24: Unused import gethostname


Report
======
81 statements analysed.

Duplication
-----------

+-------------------------+------+---------+-----------+
|                         |now   |previous |difference |
+=========================+======+=========+===========+
|nb duplicated lines      |0     |NC       |NC         |
+-------------------------+------+---------+-----------+
|percent duplicated lines |0.000 |NC       |NC         |
+-------------------------+------+---------+-----------+



Raw metrics
-----------

+----------+-------+------+---------+-----------+
|type      |number |%     |previous |difference |
+==========+=======+======+=========+===========+
|code      |87     |61.27 |NC       |NC         |
+----------+-------+------+---------+-----------+
|docstring |28     |19.72 |NC       |NC         |
+----------+-------+------+---------+-----------+
|comment   |22     |15.49 |NC       |NC         |
+----------+-------+------+---------+-----------+
|empty     |5      |3.52  |NC       |NC         |
+----------+-------+------+---------+-----------+



External dependencies
---------------------
::

    ansi2html (inventory_notifier)
    datetime 
      \-datetime (inventory_notifier)
    socket 
      \-getfqdn (inventory_notifier)
      \-gethostname (inventory_notifier)



Statistics by type
------------------

+---------+-------+-----------+-----------+------------+---------+
|type     |number |old number |difference |%documented |%badname |
+=========+=======+===========+===========+============+=========+
|module   |1      |NC         |NC         |0.00        |0.00     |
+---------+-------+-----------+-----------+------------+---------+
|class    |2      |NC         |NC         |100.00      |0.00     |
+---------+-------+-----------+-----------+------------+---------+
|method   |7      |NC         |NC         |100.00      |0.00     |
+---------+-------+-----------+-----------+------------+---------+
|function |0      |NC         |NC         |0.00        |0.00     |
+---------+-------+-----------+-----------+------------+---------+



Messages by category
--------------------

+-----------+-------+---------+-----------+
|type       |number |previous |difference |
+===========+=======+=========+===========+
|convention |5      |NC       |NC         |
+-----------+-------+---------+-----------+
|refactor   |1      |NC       |NC         |
+-----------+-------+---------+-----------+
|warning    |3      |NC       |NC         |
+-----------+-------+---------+-----------+
|error      |1      |NC       |NC         |
+-----------+-------+---------+-----------+



Messages
--------

+-----------+------------+
|message id |occurrences |
+===========+============+
|F0401      |7           |
+-----------+------------+
|C0103      |4           |
+-----------+------------+
|W0612      |1           |
+-----------+------------+
|W0611      |1           |
+-----------+------------+
|W0142      |1           |
+-----------+------------+
|R0201      |1           |
+-----------+------------+
|E0611      |1           |
+-----------+------------+
|C0111      |1           |
+-----------+------------+



Global evaluation
-----------------
Your code has been rated at 8.27/10

